Arguments: 
  C:\Program Files\nodejs\node.exe C:\Program Files (x86)\Yarn\bin\yarn.js add mongoose -S

PATH: 
  C:\Program Files (x86)\Intel\iCLS Client\;C:\Program Files\Intel\iCLS Client\;C:\WINDOWS\system32;C:\WINDOWS;C:\WINDOWS\System32\Wbem;C:\WINDOWS\System32\WindowsPowerShell\v1.0\;C:\Program Files (x86)\Intel\Intel(R) Management Engine Components\DAL;C:\Program Files\Intel\Intel(R) Management Engine Components\DAL;C:\Program Files (x86)\Intel\Intel(R) Management Engine Components\IPT;C:\Program Files\Intel\Intel(R) Management Engine Components\IPT;C:\Program Files\TortoiseSVN\bin;C:\Program Files\Git\cmd;C:\WINDOWS\System32\OpenSSH\;C:\Program Files\OpenVPN\bin;C:\Program Files\nodejs\;C:\Program Files (x86)\Yarn\bin\;C:\Program Files\TortoiseGit\bin;C:\Program Files\Intel\WiFi\bin\;C:\Program Files\Common Files\Intel\WirelessCommon\;E:\Program Files\MySQL\MySQL Utilities 1.3.4\;C:\Program Files\MongoDB\Server\4.4\bin;C:\Users\yzlz5\AppData\Local\Microsoft\WindowsApps;C:\Users\yzlz5\AppData\Roaming\npm;C:\Users\yzlz5\AppData\Local\Programs\Microsoft VS Code\bin;C:\Users\yzlz5\AppData\Local\Yarn\bin;C:\Users\yzlz5\AppData\Local\Microsoft\WindowsApps;C:\Users\yzlz5\AppData\Local\atom\bin

Yarn version: 
  1.16.0

Node version: 
  10.15.3

Platform: 
  win32 x64

Trace: 
  Error: connect ECONNABORTED 104.16.21.35:443
      at TCPConnectWrap.afterConnect [as oncomplete] (net.js:1097:14)

npm manifest: 
  {
    "name": "zhihu-api-koa",
    "version": "1.0.0",
    "description": "知乎api仿写",
    "main": "index.js",
    "scripts": {
      "dev": "nodemon app",
      "build": "cross-env NODE_ENV=production node app",
      "test": "echo \"Error: no test specified\" && exit 1"
    },
    "author": "twoyoung",
    "license": "ISC",
    "dependencies": {
      "koa": "^2.13.0",
      "koa-bodyparser": "^4.3.0",
      "koa-json-error": "^3.1.2",
      "koa-parameter": "^3.0.1",
      "koa-router": "^9.4.0"
    },
    "devDependencies": {
      "cross-env": "^7.0.2",
      "nodemon": "^2.0.4"
    }
  }

yarn manifest: 
  No manifest

Lockfile: 
  No lockfile
